c:\users\allchen\desktop\emultationcamera&scan\release\emultation.pch
c:\users\allchen\desktop\emultationcamera&scan\release\vc140.pdb
c:\users\allchen\desktop\emultationcamera&scan\release\stdafx.obj
c:\users\allchen\desktop\emultationcamera&scan\release\scandlg.obj
c:\users\allchen\desktop\emultationcamera&scan\release\modelparameter.obj
c:\users\allchen\desktop\emultationcamera&scan\release\modeldlg.obj
c:\users\allchen\desktop\emultationcamera&scan\release\mainfrm.obj
c:\users\allchen\desktop\emultationcamera&scan\release\hdl64e_simulator.obj
c:\users\allchen\desktop\emultationcamera&scan\release\emultationview.obj
c:\users\allchen\desktop\emultationcamera&scan\release\emultationdoc.obj
c:\users\allchen\desktop\emultationcamera&scan\release\emultation.obj
c:\users\allchen\desktop\emultationcamera&scan\release\ctargaimage.obj
c:\users\allchen\desktop\emultationcamera&scan\release\cameradlg.obj
c:\users\allchen\desktop\emultationcamera&scan\release\c3dsmodel.obj
c:\users\allchen\desktop\emultationcamera&scan\release\3dfont.obj
c:\users\allchen\desktop\emultationcamera&scan\release\emultation.exe
c:\users\allchen\desktop\emultationcamera&scan\release\emultation.ipdb
c:\users\allchen\desktop\emultationcamera&scan\release\emultation.iobj
c:\users\allchen\desktop\emultationcamera&scan\release\emultation.pdb
c:\users\allchen\desktop\emultationcamera&scan\release\emultation.res
c:\users\allchen\desktop\emultationcamera&scan\release\emultation.tlog\cl.command.1.tlog
c:\users\allchen\desktop\emultationcamera&scan\release\emultation.tlog\cl.read.1.tlog
c:\users\allchen\desktop\emultationcamera&scan\release\emultation.tlog\cl.write.1.tlog
c:\users\allchen\desktop\emultationcamera&scan\release\emultation.tlog\link.command.1.tlog
c:\users\allchen\desktop\emultationcamera&scan\release\emultation.tlog\link.read.1.tlog
c:\users\allchen\desktop\emultationcamera&scan\release\emultation.tlog\link.write.1.tlog
c:\users\allchen\desktop\emultationcamera&scan\release\emultation.tlog\rc.command.1.tlog
c:\users\allchen\desktop\emultationcamera&scan\release\emultation.tlog\rc.read.1.tlog
c:\users\allchen\desktop\emultationcamera&scan\release\emultation.tlog\rc.write.1.tlog
