f:\802\3dsloader\emultation\debug\emultation.pch
f:\802\3dsloader\emultation\debug\vc140.pdb
f:\802\3dsloader\emultation\debug\vc140.idb
f:\802\3dsloader\emultation\debug\stdafx.obj
f:\802\3dsloader\emultation\debug\c3dsmodel.obj
f:\802\3dsloader\emultation\debug\ctargaimage.obj
f:\802\3dsloader\emultation\debug\emultation.obj
f:\802\3dsloader\emultation\debug\emultationdoc.obj
f:\802\3dsloader\emultation\debug\emultationview.obj
f:\802\3dsloader\emultation\debug\hdl64e_simulator.obj
f:\802\3dsloader\emultation\debug\mainfrm.obj
f:\802\3dsloader\emultation\debug\modeldlg.obj
f:\802\3dsloader\emultation\debug\modelparameter.obj
f:\802\3dsloader\emultation\debug\scandlg.obj
f:\802\3dsloader\emultationorigin\debug\emultation.pch
f:\802\3dsloader\emultationorigin\debug\vc140.pdb
f:\802\3dsloader\emultationorigin\debug\vc140.idb
f:\802\3dsloader\emultationorigin\debug\stdafx.obj
f:\802\3dsloader\emultationorigin\debug\c3dsmodel.obj
f:\802\3dsloader\emultationorigin\debug\ctargaimage.obj
f:\802\3dsloader\emultationorigin\debug\emultation.obj
f:\802\3dsloader\emultationorigin\debug\emultationdoc.obj
f:\802\3dsloader\emultationorigin\debug\emultationview.obj
f:\802\3dsloader\emultationorigin\debug\hdl64e_simulator.obj
f:\802\3dsloader\emultationorigin\debug\mainfrm.obj
f:\802\3dsloader\emultationorigin\debug\modeldlg.obj
f:\802\3dsloader\emultationorigin\debug\modelparameter.obj
f:\802\3dsloader\emultationorigin\debug\scandlg.obj
f:\802\3dsloader\emultation\debug\emultation.ilk
f:\802\3dsloader\emultation\debug\emultation.exe
f:\802\3dsloader\emultation\debug\emultation.pdb
f:\802\3dsloader\emultationorigin\debug\emultation.ilk
f:\802\3dsloader\emultationorigin\debug\emultation.exe
f:\802\3dsloader\emultationorigin\debug\emultation.pdb
f:\802\3dsloader\emultation\debug\emultation.res
f:\802\3dsloader\emultationorigin\debug\emultation.res
f:\802\3dsloader\emultationorigin\debug\emultation.tlog\cl.command.1.tlog
f:\802\3dsloader\emultationorigin\debug\emultation.tlog\cl.read.1.tlog
f:\802\3dsloader\emultationorigin\debug\emultation.tlog\cl.write.1.tlog
f:\802\3dsloader\emultationorigin\debug\emultation.tlog\link.command.1.tlog
f:\802\3dsloader\emultationorigin\debug\emultation.tlog\link.read.1.tlog
f:\802\3dsloader\emultationorigin\debug\emultation.tlog\link.write.1.tlog
f:\802\3dsloader\emultationorigin\debug\emultation.tlog\rc.command.1.tlog
f:\802\3dsloader\emultationorigin\debug\emultation.tlog\rc.read.1.tlog
f:\802\3dsloader\emultationorigin\debug\emultation.tlog\rc.write.1.tlog
